<?xml version="1.0" encoding="UTF-8"?>
<!-- Generated by org.testng.reporters.JUnitXMLReporter -->
<testsuite ignored="0" hostname="SREEKESH" failures="1" tests="1" name="Test" time="7.819" errors="0" timestamp="2024-06-18T11:40:14 IST">
  <testcase classname="testngpkg.rediffxmlfile" name="test1" time="0.0">
    <failure type="org.testng.TestNGException" message="
Method test1 requires 2 parameters but 1 were supplied in the @Test annotation.">
      <![CDATA[org.testng.TestNGException: 
Method test1 requires 2 parameters but 1 were supplied in the @Test annotation.
at java.base/java.util.ArrayList.forEach(ArrayList.java:1511)
... Removed 26 stack frames]]>
    </failure>
  </testcase> <!-- test1 -->
</testsuite> <!-- Test -->
